<?xml version="1.0" encoding="UTF-8"?>
<!-- Generated by org.testng.reporters.JUnitXMLReporter -->
<testsuite ignored="0" hostname="DESKTOP-8CBT80G" failures="1" tests="13" name="DemoApp Tests" time="103.924" errors="0" timestamp="2023-12-10T19:33:38 IST">
  <testcase classname="com.demoapp.qa.testcases.Register" name="registerAccountWithMandatoryFields" time="1.396"/>
  <testcase classname="com.demoapp.qa.testcases.Register" name="registerAccountWithAllFields" time="1.373"/>
  <testcase classname="com.demoapp.qa.testcases.Register" name="registerAccountWithExistingEmail" time="1.083"/>
  <testcase classname="com.demoapp.qa.testcases.Register" name="registerAccountWithoutFillingAnyFields" time="0.554"/>
  <testcase classname="com.demoapp.qa.testcases.Search" name="searchWithValidProduct" time="1.76"/>
  <testcase classname="com.demoapp.qa.testcases.Search" name="searchWithInValidProduct" time="1.427">
    <failure type="java.lang.AssertionError" message="Warning message not displayed expected [true] but found [false]">
      <![CDATA[java.lang.AssertionError: Warning message not displayed expected [true] but found [false]
at com.demoapp.qa.testcases.Search.searchWithInValidProduct(Search.java:47)
at java.base/java.util.ArrayList.forEach(ArrayList.java:1511)
... Removed 30 stack frames]]>
    </failure>
  </testcase> <!-- searchWithInValidProduct -->
  <testcase classname="com.demoapp.qa.testcases.Search" name="searchWithBlankValue" time="0.0">
    <skipped/>
  </testcase> <!-- searchWithBlankValue -->
  <testcase classname="com.demoapp.qa.testcases.Login" name="loginWithValidCredentials" time="1.007"/>
  <testcase classname="com.demoapp.qa.testcases.Login" name="loginWithValidCredentials" time="0.935"/>
  <testcase classname="com.demoapp.qa.testcases.Login" name="loginWithInvalidCredentials" time="0.636"/>
  <testcase classname="com.demoapp.qa.testcases.Login" name="loginWithInvalidEmailAndValidPass" time="0.594"/>
  <testcase classname="com.demoapp.qa.testcases.Login" name="loginWithValidEmailAndInvalidPass" time="0.784"/>
  <testcase classname="com.demoapp.qa.testcases.Login" name="loginWithoutCredentials" time="0.523"/>
</testsuite> <!-- DemoApp Tests -->
